<?xml version="1.0" encoding="UTF-8"?>
<!-- Generated by org.testng.reporters.JUnitReportReporter -->
<testsuite hostname="DESKTOP-8H80010" failures="0" tests="3" name="AirportTest" time="0.014" errors="0" timestamp="2020-11-19T16:43:36 MSK" skipped="0">
  <testcase classname="AirportTest" name="experimentalPlanesHasClassificationLevelHigherThanUnclassifiedTest" time="0.001"/>
  <testcase classname="AirportTest" name="getPassengerPlaneWithMaxCapacityTest" time="0.002"/>
  <testcase classname="AirportTest" name="airportHasAtLeastOneTransportMilitaryPlaneTest" time="0.011"/>
</testsuite> <!-- AirportTest -->
